==========================================
SLURM_JOB_ID = 6917
SLURM_JOB_NODELIST = n305
==========================================
Starting Yukawa calculation...
Result saved.
Force on sphere 1: -14.010299914905202 N
Force on sphere 2: 14.009541990201281 N
Analytically calculated force : -0.309715441676429 N
Precision on vertical force:  44.2360393755965
Result saved.
Force on sphere 1: -1.8014387011182114 N
Force on sphere 2: 1.8011805977970774 N
Analytically calculated force : -0.293836762691567 N
Precision on vertical force:  5.1307464886861
Result saved.
Force on sphere 1: -0.04447667544111505 N
Force on sphere 2: 0.04443606666468799 N
Analytically calculated force : -0.249205649626606 N
Precision on vertical force:  0.821526215365679
Result saved.
Force on sphere 1: -8.469829480480453e-05 N
Force on sphere 2: 8.135570786967722e-05 N
Analytically calculated force : -0.158455211365365 N
Precision on vertical force:  0.999465474855166
Result saved.
Force on sphere 1: -5.001132342812278e-07 N
Force on sphere 2: -4.8714366052558414e-08 N
Analytically calculated force : -0.054229962071692 N
Precision on vertical force:  0.999990777916576
Result saved.
Force on sphere 1: -7.814632873975926e-07 N
Force on sphere 2: -1.6507372794012982e-08 N
Analytically calculated force : -0.00614428751781862 N
Precision on vertical force:  0.999872814661565
Result saved.
Force on sphere 1: -8.15112739732156e-07 N
Force on sphere 2: -8.132371577911358e-09 N
Analytically calculated force : -0.000429852997458124 N
Precision on vertical force:  0.998103740710075
Result saved.
Force on sphere 1: -6.384068589537181e-07 N
Force on sphere 2: 1.113914397565608e-09 N
Analytically calculated force : -1.35768237209209e-6 N
Precision on vertical force:  0.529781875292393
Result saved.
Force on sphere 1: -7.5872031913199205 N
Force on sphere 2: 7.586417764829779 N
Analytically calculated force : -0.238664034577218 N
Precision on vertical force:  30.7903080988314
Result saved.
Force on sphere 1: -0.6246117187593148 N
Force on sphere 2: 0.624310478124076 N
Analytically calculated force : -0.223299984026155 N
Precision on vertical force:  1.79718658056936
Result saved.
Force on sphere 1: -0.006266319799324075 N
Force on sphere 2: 0.006203380851786815 N
Analytically calculated force : -0.181947925281585 N
Precision on vertical force:  0.96555981724097
Result saved.
Force on sphere 1: -9.010022473960752e-06 N
Force on sphere 2: 1.7188834947252334e-06 N
Analytically calculated force : -0.104589974915235 N
Precision on vertical force:  0.999913853861412
Result saved.
Force on sphere 1: -4.7415851147298924e-07 N
Force on sphere 2: -4.242181448323125e-08 N
Analytically calculated force : -0.0285218094391013 N
Precision on vertical force:  0.999983375580975
Result saved.
Force on sphere 1: -4.1815078268945417e-07 N
Force on sphere 2: -2.0043890527998512e-08 N
Analytically calculated force : -0.00200514648443809 N
Precision on vertical force:  0.999791461229424
Result saved.
Force on sphere 1: -4.968116351332949e-07 N
Force on sphere 2: -1.219818550468822e-08 N
Analytically calculated force : -7.34962475308864e-5 N
Precision on vertical force:  0.993240312916323
Result saved.
Force on sphere 1: -4.405280268935005e-07 N
Force on sphere 2: 2.114407291039096e-10 N
Analytically calculated force : -4.57019800121462e-8 N
Precision on vertical force:  8.63914532316589
Result saved.
Force on sphere 1: -4.190678061194545 N
Force on sphere 2: 4.190183434176343 N
Analytically calculated force : -0.189173644316394 N
Precision on vertical force:  21.1525470756677
Result saved.
Force on sphere 1: -0.22036100420739743 N
Force on sphere 2: 0.22022304113247693 N
Analytically calculated force : -0.174368170320131 N
Precision on vertical force:  0.263768518089202
Result saved.
Force on sphere 1: -0.0008957397558947276 N
Force on sphere 2: 0.0008805789104071595 N
Analytically calculated force : -0.13622405297858 N
Precision on vertical force:  0.993424511044055
Result saved.
Force on sphere 1: 3.845014858659295e-07 N
Force on sphere 2: 2.8111248244826573e-07 N
Analytically calculated force : -0.0705946092998294 N
Precision on vertical force:  1.00000544661256
Result saved.
Force on sphere 1: 6.474275888022147e-07 N
Force on sphere 2: 9.797414584542623e-08 N
Analytically calculated force : -0.0152965951196 N
Precision on vertical force:  1.00004232494772
Result saved.
Force on sphere 1: 2.4016114367090586e-07 N
Force on sphere 2: 6.263611463708733e-08 N
Analytically calculated force : -0.000665840128506089 N
Precision on vertical force:  1.00036068890022
Result saved.
Force on sphere 1: 1.9203395896216092e-07 N
Force on sphere 2: 5.4761415475354665e-08 N
Analytically calculated force : -1.27730508243348e-5 N
Precision on vertical force:  1.01503430633786
Result saved.
Force on sphere 1: 2.3573403335801952e-07 N
Force on sphere 2: 4.3338539673706915e-08 N
Analytically calculated force : -1.56229460148092e-9 N
Precision on vertical force:  151.889616551555
Result saved.
Force on sphere 1: -2.3509002206708676 N
Force on sphere 2: 2.350291402556237 N
Analytically calculated force : -0.1533389971373 N
Precision on vertical force:  14.3313916522218
Result saved.
Force on sphere 1: -0.07896754058666886 N
Force on sphere 2: 0.07875728882728415 N
Analytically calculated force : -0.13910816881932 N
Precision on vertical force:  0.432329954042919
Result saved.
Force on sphere 1: -0.0001625729888255703 N
Force on sphere 2: 0.00012620275968765516 N
Analytically calculated force : -0.104018590808577 N
Precision on vertical force:  0.998437077568905
Result saved.
Force on sphere 1: -2.2677167529471913e-06 N
Force on sphere 2: -1.462733523221015e-07 N
Analytically calculated force : -0.048485381965506 N
Precision on vertical force:  0.999953228856595
Result saved.
Force on sphere 1: 4.840487503641509e-07 N
Force on sphere 2: -5.840578879664274e-08 N
Analytically calculated force : -0.00832964892360169 N
Precision on vertical force:  1.00005811154285
Result saved.
Force on sphere 1: 2.444080394799075e-07 N
Force on sphere 2: -3.3479162094490374e-08 N
Analytically calculated force : -0.000224136581867652 N
Precision on vertical force:  1.00109044243221
Result saved.
Force on sphere 1: 1.5705002373541618e-07 N
Force on sphere 2: -2.7701901960447585e-08 N
Analytically calculated force : -2.24855151481923e-6 N
Precision on vertical force:  1.06984497473167
Result saved.
Force on sphere 1: 1.0375063336099387e-07 N
Force on sphere 2: -1.774814383589181e-08 N
Analytically calculated force : -5.40611649036465e-11 N
Precision on vertical force:  1920.13425369041
Result saved.
Force on sphere 1: -1.3351055271381909 N
Force on sphere 2: 1.3346513893336307 N
Analytically calculated force : -0.126571399751912 N
Precision on vertical force:  9.54824020082804
Result saved.
Force on sphere 1: -0.028610432435442548 N
Force on sphere 2: 0.02847902032807912 N
Analytically calculated force : -0.112915770140857 N
Precision on vertical force:  0.746621464833899
Result saved.
Force on sphere 1: -3.455593625541782e-05 N
Force on sphere 2: 1.8261932788191093e-05 N
Analytically calculated force : -0.0806916318366823 N
Precision on vertical force:  0.999571753161154
Result saved.
Force on sphere 1: 1.1491625110694151e-07 N
Force on sphere 2: -7.73119091002331e-08 N
Analytically calculated force : -0.0337669178822433 N
Precision on vertical force:  1.00000340322002
Result saved.
Force on sphere 1: 6.254893918972286e-07 N
Force on sphere 2: -2.716739634476184e-08 N
Analytically calculated force : -0.00459149373556047 N
Precision on vertical force:  1.00013622786568
Result saved.
Force on sphere 1: 3.730545296104794e-07 N
Force on sphere 2: -1.369160483455005e-08 N
Analytically calculated force : -7.62812329825087e-5 N
Precision on vertical force:  1.00489051520308
Result saved.
Force on sphere 1: 3.0002130617419914e-07 N
Force on sphere 2: -1.1293387890241507e-08 N
Analytically calculated force : -3.99960264786911e-7 N
Precision on vertical force:  1.75012778165362
Result saved.
Force on sphere 1: 2.1483478275513933e-07 N
Force on sphere 2: -5.758061049014281e-09 N
Analytically calculated force : -1.88930300873451e-12 N
Precision on vertical force:  113712.13143944
Result saved.
Force on sphere 1: -0.7661821016288928 N
Force on sphere 2: 0.7655844791668749 N
Analytically calculated force : -0.106059022715846 N
Precision on vertical force:  6.22411051892916
Result saved.
Force on sphere 1: -0.010615033254455833 N
Force on sphere 2: 0.010391920202390697 N
Analytically calculated force : -0.0929702149762145 N
Precision on vertical force:  0.885823290209971
Result saved.
Force on sphere 1: -4.7300637095060895e-05 N
Force on sphere 2: 2.4250140356718605e-06 N
Analytically calculated force : -0.0634103645787111 N
Precision on vertical force:  0.99925405511529
Result saved.
Force on sphere 1: -3.7194190381255885e-06 N
Force on sphere 2: -1.7297684056845697e-07 N
Analytically calculated force : -0.0237849592165797 N
Precision on vertical force:  0.999843623064296
Result saved.
Force on sphere 1: 1.7120844729729982e-07 N
Force on sphere 2: -7.349463665959634e-08 N
Analytically calculated force : -0.00255629932251904 N
Precision on vertical force:  1.00006697511742
Result saved.
Force on sphere 1: 2.477199451257128e-08 N
Force on sphere 2: -4.2334871829555796e-08 N
Analytically calculated force : -2.61960139229598e-5 N
Precision on vertical force:  1.00094563984373
Result saved.
Force on sphere 1: -4.998085603720207e-09 N
Force on sphere 2: -3.178435958341638e-08 N
Analytically calculated force : -7.17538806404561e-8 N
Precision on vertical force:  0.930344037714635
Result saved.
Force on sphere 1: 3.260736340420668e-08 N
Force on sphere 2: -1.3874181492085723e-08 N
Analytically calculated force : -6.65686788527162e-14 N
Precision on vertical force:  489831.412232617
Result saved.
Force on sphere 1: -0.4430520325349003 N
Force on sphere 2: 0.4428539270195482 N
Analytically calculated force : -0.090000918555082 N
Precision on vertical force:  3.92275011908623
Result saved.
Force on sphere 1: -0.0038531885213759698 N
Force on sphere 2: 0.003820782986178405 N
Analytically calculated force : -0.0774653404941902 N
Precision on vertical force:  0.950259193378683
Result saved.
Force on sphere 1: -6.459370478136469e-07 N
Force on sphere 2: 2.424772151191095e-07 N
Analytically calculated force : -0.0503689465244359 N
Precision on vertical force:  0.99998717588728
Result saved.
Force on sphere 1: 1.3036911083748327e-06 N
Force on sphere 2: -1.0701454026863553e-07 N
Analytically calculated force : -0.0169124816659847 N
Precision on vertical force:  1.00007708455413
Result saved.
Force on sphere 1: 4.7648154564616203e-07 N
Force on sphere 2: -4.244939752887605e-08 N
Analytically calculated force : -0.00143507150612836 N
Precision on vertical force:  1.00033202634406
Result saved.
Force on sphere 1: -9.502394340898259e-08 N
Force on sphere 2: -2.9278013208780274e-08 N
Analytically calculated force : -9.06407064283638e-6 N
Precision on vertical force:  0.989516416282117
Result saved.
Force on sphere 1: -2.1050887375584303e-07 N
Force on sphere 2: -2.860246728989538e-08 N
Analytically calculated force : -1.29654738301841e-8 N
Precision on vertical force:  15.2361111142556
Result saved.
Force on sphere 1: -1.8079554234912465e-07 N
Force on sphere 2: -2.2615250505784004e-08 N
Analytically calculated force : -2.36170437260799e-15 N
Precision on vertical force:  76552993.7126597
Result saved.
Force on sphere 1: -0.25863191039425215 N
Force on sphere 2: 0.2579918765965285 N
Analytically calculated force : -0.0772003250151015 N
Precision on vertical force:  2.35014017549356
Result saved.
Force on sphere 1: -0.0016514438757106746 N
Force on sphere 2: 0.0014137362911649746 N
Analytically calculated force : -0.0652013606692585 N
Precision on vertical force:  0.974671634782473
Result saved.
Force on sphere 1: -4.7824089587359397e-05 N
Force on sphere 2: -1.5350501702237631e-07 N
Analytically calculated force : -0.0403744167294 N
Precision on vertical force:  0.99881548531319
Result saved.
Force on sphere 1: -4.595952064572274e-06 N
Force on sphere 2: -1.0615292403537207e-07 N
Analytically calculated force : -0.0121216508428092 N
Precision on vertical force:  0.999620847677913
Result saved.
Force on sphere 1: -3.011137319431739e-07 N
Force on sphere 2: -4.161058034595766e-08 N
Analytically calculated force : -0.000811296857981471 N
Precision on vertical force:  0.99962884888684
Result saved.
Force on sphere 1: -5.089058689403549e-07 N
Force on sphere 2: -2.829865696649059e-08 N
Analytically calculated force : -3.15635063525603e-6 N
Precision on vertical force:  0.838767637772578
Result saved.
Force on sphere 1: -5.337565795867875e-07 N
Force on sphere 2: -2.7096324702394836e-08 N
Analytically calculated force : -2.35711098386666e-9 N
Precision on vertical force:  225.445247270963
Result saved.
Force on sphere 1: -3.920407859111179e-07 N
Force on sphere 2: -2.349141379938804e-08 N
Analytically calculated force : -8.42807385765171e-17 N
Precision on vertical force:  4651605959.41989
Result saved.
Force on sphere 1: -0.1513046748956977 N
Force on sphere 2: 0.15120967885535225 N
Analytically calculated force : -0.0668368073691323 N
Precision on vertical force:  1.26379267429784
Result saved.
Force on sphere 1: -0.0005353599844346794 N
Force on sphere 2: 0.0005260594312972512 N
Analytically calculated force : -0.0553561569526203 N
Precision on vertical force:  0.990328808683506
Result saved.
Force on sphere 1: -3.407718556322503e-07 N
Force on sphere 2: -1.747715702524001e-07 N
Analytically calculated force : -0.03261479646281 N
Precision on vertical force:  0.999989551617898
Result saved.
Force on sphere 1: 7.433626606798247e-07 N
Force on sphere 2: -1.3881341597552288e-07 N
Analytically calculated force : -0.00874700544784275 N
Precision on vertical force:  1.00008498481739
Result saved.
Force on sphere 1: 2.4011450553737086e-07 N
Force on sphere 2: -5.7921388217304785e-08 N
Analytically calculated force : -0.000461413592583247 N
Precision on vertical force:  1.00052038888623
Result saved.
Force on sphere 1: -2.517227556102537e-07 N
Force on sphere 2: -2.816612777098392e-08 N
Analytically calculated force : -1.10517005689749e-6 N
Precision on vertical force:  0.772231654269653
Result saved.
Force on sphere 1: -2.9188095694743035e-07 N
Force on sphere 2: -1.958604734402205e-08 N
Analytically calculated force : -4.30776051352093e-10 N
Precision on vertical force:  676.570064610816
Result saved.
Force on sphere 1: -1.6892934099277019e-07 N
Force on sphere 2: -7.438712640033085e-09 N
Analytically calculated force : -3.02293500729244e-18 N
Precision on vertical force:  55882558037.8761
Result saved.
Force on sphere 1: -0.08915602725345928 N
Force on sphere 2: 0.08908949031268262 N
Analytically calculated force : -0.0583326993857377 N
Precision on vertical force:  0.528405648843638
Result saved.
Force on sphere 1: -0.00020127577268015432 N
Force on sphere 2: 0.00019673065993377662 N
Analytically calculated force : -0.0473512214687412 N
Precision on vertical force:  0.995749301360409
Result saved.
Force on sphere 1: 6.513821019009339e-07 N
Force on sphere 2: -1.0088452760376477e-07 N
Analytically calculated force : -0.0265232436593932 N
Precision on vertical force:  1.00002455891558
Result saved.
Force on sphere 1: 1.220619370053335e-06 N
Force on sphere 2: -9.604676716718103e-08 N
Analytically calculated force : -0.0063488587863328 N
Precision on vertical force:  1.00019225807521
Result saved.
Force on sphere 1: 4.523732516005897e-07 N
Force on sphere 2: -4.527983279503898e-08 N
Analytically calculated force : -0.000263786937358982 N
Precision on vertical force:  1.00171491907874
Result saved.
Force on sphere 1: -6.968719054235667e-08 N
Force on sphere 2: -2.9537890759004493e-08 N
Analytically calculated force : -3.88812470570747e-7 N
Precision on vertical force:  0.82076914755316
Result saved.
Force on sphere 1: -1.2780616296066687e-07 N
Force on sphere 2: -2.4417503070820628e-08 N
Analytically calculated force : -7.90871765262644e-11 N
Precision on vertical force:  1615.01625667118
Result saved.
Force on sphere 1: -4.959040058776046e-08 N
Force on sphere 2: -1.3916786307616869e-08 N
Analytically calculated force : -1.08904229143759e-19 N
Precision on vertical force:  455357895442.147
Calculation terminated, launching Newton's calculation and quitting.
sbatch: slurm_job_submit: features fixee a : [csl]
Submitted batch job 6924

-----------------------------------------------------
Command=/scratchm/mdellava/microsim/spheres_2D/yukawa_gravity.sh
-----------------------------------------------------
#!/bin/bash
#SBATCH --job-name=yuka_2D
#SBATCH --time=2-00:00
#SBATCH --mem=150G
#SBATCH --qos=c3_long_opa
#SBATCH --output=%j.spheres_2D_yukawa.out
#SBATCH --profile=all

echo "Starting Yukawa calculation..."
srun python /scratchm/mdellava/microsim/spheres_2D/yukawa_gravity.py
wait

echo "Calculation terminated, launching Newton's calculation and quitting."
sbatch $WORKDIR/microsim/spheres_2D/newton_gravity.sh

-----------------------------------------------------
StartTime=2025-10-13T17:22:45
EndTime=2025-10-14T11:09:27
NodeList=n305
-----------------------------------------------------
Job ID: 6917
Cluster: c3
User/Group: mdellava/dphy
State: COMPLETED (exit code 0)
Cores: 1
CPU Utilized: 17:34:28
CPU Efficiency: 98.85% of 17:46:42 core-walltime
Job Wall-clock time: 17:46:42
Memory Utilized: 138.28 GB
Memory Efficiency: 92.19% of 150.00 GB
-----------------------------------------------------
