==========================================
SLURM_JOB_ID = 6944
SLURM_JOB_NODELIST = n305
==========================================
Starting Coulomb calculation...
=== MESH CHARACTERISTICS ===
 - R_1: 2
 - R_2: 4
 - R_Omega: 26.0
 - Distance centre-to-centre: 9.0 m
 - Mesh's minimum size: 0.001
 - Mesh's maximum size: 0.3
 - Mesh type: 2D
 - Coordinates system: cylindrical framework

=== INNER MESH GENERATION ===
OK.

=== OUTER MESH GENERATION ===
OK.

=== ELECTROSTATIC FORCE COMPUTATION ===
 - FEM complexity: 1° order
 - Solver name: ScipyDirect

Result saved.

 === Poisson problem - Electrostatic ===
 - rho_1: 1.9e-07 [C·m^-3]
 - rho_2: -1.9e-07 [C·m^-3]
 - rho_domain: 0 [C·m^-3]

Force on sphere 1: 0.035983762645421524 N
Force on sphere 2: -0.03598374819378855 N
Precision on vertical force:  9.659928603942185e-06



=== MESH CHARACTERISTICS ===
 - R_1: 2
 - R_2: 4
 - R_Omega: 27.157894736842106
 - Distance centre-to-centre: 9.578947368421053 m
 - Mesh's minimum size: 0.001
 - Mesh's maximum size: 0.3
 - Mesh type: 2D
 - Coordinates system: cylindrical framework

=== INNER MESH GENERATION ===
OK.

=== OUTER MESH GENERATION ===
OK.

=== ELECTROSTATIC FORCE COMPUTATION ===
 - FEM complexity: 1° order
 - Solver name: ScipyDirect

Result saved.

 === Poisson problem - Electrostatic ===
 - rho_1: 1.9e-07 [C·m^-3]
 - rho_2: -1.9e-07 [C·m^-3]
 - rho_domain: 0 [C·m^-3]

Force on sphere 1: 0.03176548145774502 N
Force on sphere 2: -0.031765502377652785 N
Precision on vertical force:  1.098638112796123e-05



=== MESH CHARACTERISTICS ===
 - R_1: 2
 - R_2: 4
 - R_Omega: 28.315789473684212
 - Distance centre-to-centre: 10.157894736842106 m
 - Mesh's minimum size: 0.001
 - Mesh's maximum size: 0.3
 - Mesh type: 2D
 - Coordinates system: cylindrical framework

=== INNER MESH GENERATION ===
OK.

=== OUTER MESH GENERATION ===
OK.

=== ELECTROSTATIC FORCE COMPUTATION ===
 - FEM complexity: 1° order
 - Solver name: ScipyDirect

Result saved.

 === Poisson problem - Electrostatic ===
 - rho_1: 1.9e-07 [C·m^-3]
 - rho_2: -1.9e-07 [C·m^-3]
 - rho_domain: 0 [C·m^-3]

Force on sphere 1: 0.028247720793874054 N
Force on sphere 2: -0.028247758428189024 N
Precision on vertical force:  1.1419711678655434e-05



=== MESH CHARACTERISTICS ===
 - R_1: 2
 - R_2: 4
 - R_Omega: 29.473684210526315
 - Distance centre-to-centre: 10.736842105263158 m
 - Mesh's minimum size: 0.001
 - Mesh's maximum size: 0.3
 - Mesh type: 2D
 - Coordinates system: cylindrical framework

=== INNER MESH GENERATION ===
OK.

=== OUTER MESH GENERATION ===
OK.

=== ELECTROSTATIC FORCE COMPUTATION ===
 - FEM complexity: 1° order
 - Solver name: ScipyDirect

Result saved.

 === Poisson problem - Electrostatic ===
 - rho_1: 1.9e-07 [C·m^-3]
 - rho_2: -1.9e-07 [C·m^-3]
 - rho_domain: 0 [C·m^-3]

Force on sphere 1: 0.02528355235657581 N
Force on sphere 2: -0.02528358187793577 N
Precision on vertical force:  1.0504477084643726e-05



=== MESH CHARACTERISTICS ===
 - R_1: 2
 - R_2: 4
 - R_Omega: 30.63157894736842
 - Distance centre-to-centre: 11.31578947368421 m
 - Mesh's minimum size: 0.001
 - Mesh's maximum size: 0.3
 - Mesh type: 2D
 - Coordinates system: cylindrical framework

=== INNER MESH GENERATION ===
OK.

=== OUTER MESH GENERATION ===
OK.

=== ELECTROSTATIC FORCE COMPUTATION ===
 - FEM complexity: 1° order
 - Solver name: ScipyDirect

Result saved.

 === Poisson problem - Electrostatic ===
 - rho_1: 1.9e-07 [C·m^-3]
 - rho_2: -1.9e-07 [C·m^-3]
 - rho_domain: 0 [C·m^-3]

Force on sphere 1: 0.022762522343591395 N
Force on sphere 2: -0.02276260315015435 N
Precision on vertical force:  1.3089070665194595e-05



=== MESH CHARACTERISTICS ===
 - R_1: 2
 - R_2: 4
 - R_Omega: 31.789473684210527
 - Distance centre-to-centre: 11.894736842105264 m
 - Mesh's minimum size: 0.001
 - Mesh's maximum size: 0.3
 - Mesh type: 2D
 - Coordinates system: cylindrical framework

=== INNER MESH GENERATION ===
OK.

=== OUTER MESH GENERATION ===
OK.

=== ELECTROSTATIC FORCE COMPUTATION ===
 - FEM complexity: 1° order
 - Solver name: ScipyDirect

Result saved.

 === Poisson problem - Electrostatic ===
 - rho_1: 1.9e-07 [C·m^-3]
 - rho_2: -1.9e-07 [C·m^-3]
 - rho_domain: 0 [C·m^-3]

Force on sphere 1: 0.020600652838511698 N
Force on sphere 2: -0.02060071386385236 N
Precision on vertical force:  1.1806963901639258e-05



=== MESH CHARACTERISTICS ===
 - R_1: 2
 - R_2: 4
 - R_Omega: 32.94736842105263
 - Distance centre-to-centre: 12.473684210526315 m
 - Mesh's minimum size: 0.001
 - Mesh's maximum size: 0.3
 - Mesh type: 2D
 - Coordinates system: cylindrical framework

=== INNER MESH GENERATION ===
OK.

=== OUTER MESH GENERATION ===
OK.

=== ELECTROSTATIC FORCE COMPUTATION ===
 - FEM complexity: 1° order
 - Solver name: ScipyDirect

Result saved.

 === Poisson problem - Electrostatic ===
 - rho_1: 1.9e-07 [C·m^-3]
 - rho_2: -1.9e-07 [C·m^-3]
 - rho_domain: 0 [C·m^-3]

Force on sphere 1: 0.01873270224838132 N
Force on sphere 2: -0.018732786224501585 N
Precision on vertical force:  1.350984466148363e-05



=== MESH CHARACTERISTICS ===
 - R_1: 2
 - R_2: 4
 - R_Omega: 34.10526315789474
 - Distance centre-to-centre: 13.052631578947368 m
 - Mesh's minimum size: 0.001
 - Mesh's maximum size: 0.3
 - Mesh type: 2D
 - Coordinates system: cylindrical framework

=== INNER MESH GENERATION ===
OK.

=== OUTER MESH GENERATION ===
OK.

=== ELECTROSTATIC FORCE COMPUTATION ===
 - FEM complexity: 1° order
 - Solver name: ScipyDirect

Result saved.

 === Poisson problem - Electrostatic ===
 - rho_1: 1.9e-07 [C·m^-3]
 - rho_2: -1.9e-07 [C·m^-3]
 - rho_domain: 0 [C·m^-3]

Force on sphere 1: 0.017107763828356548 N
Force on sphere 2: -0.01710785722494169 N
Precision on vertical force:  1.4694103002709574e-05



=== MESH CHARACTERISTICS ===
 - R_1: 2
 - R_2: 4
 - R_Omega: 35.26315789473684
 - Distance centre-to-centre: 13.631578947368421 m
 - Mesh's minimum size: 0.001
 - Mesh's maximum size: 0.3
 - Mesh type: 2D
 - Coordinates system: cylindrical framework

=== INNER MESH GENERATION ===
OK.

=== OUTER MESH GENERATION ===
OK.

=== ELECTROSTATIC FORCE COMPUTATION ===
 - FEM complexity: 1° order
 - Solver name: ScipyDirect

Result saved.

 === Poisson problem - Electrostatic ===
 - rho_1: 1.9e-07 [C·m^-3]
 - rho_2: -1.9e-07 [C·m^-3]
 - rho_domain: 0 [C·m^-3]

Force on sphere 1: 0.015685461352442462 N
Force on sphere 2: -0.015685542843102467 N
Precision on vertical force:  1.419374350463233e-05



=== MESH CHARACTERISTICS ===
 - R_1: 2
 - R_2: 4
 - R_Omega: 36.421052631578945
 - Distance centre-to-centre: 14.210526315789474 m
 - Mesh's minimum size: 0.001
 - Mesh's maximum size: 0.3
 - Mesh type: 2D
 - Coordinates system: cylindrical framework

=== INNER MESH GENERATION ===
OK.

=== OUTER MESH GENERATION ===
OK.

=== ELECTROSTATIC FORCE COMPUTATION ===
 - FEM complexity: 1° order
 - Solver name: ScipyDirect

Result saved.

 === Poisson problem - Electrostatic ===
 - rho_1: 1.9e-07 [C·m^-3]
 - rho_2: -1.9e-07 [C·m^-3]
 - rho_domain: 0 [C·m^-3]

Force on sphere 1: 0.014433455791315428 N
Force on sphere 2: -0.014433516268432662 N
Precision on vertical force:  1.182330370685907e-05



=== MESH CHARACTERISTICS ===
 - R_1: 2
 - R_2: 4
 - R_Omega: 37.578947368421055
 - Distance centre-to-centre: 14.789473684210527 m
 - Mesh's minimum size: 0.001
 - Mesh's maximum size: 0.3
 - Mesh type: 2D
 - Coordinates system: cylindrical framework

=== INNER MESH GENERATION ===
OK.

=== OUTER MESH GENERATION ===
OK.

=== ELECTROSTATIC FORCE COMPUTATION ===
 - FEM complexity: 1° order
 - Solver name: ScipyDirect

Result saved.

 === Poisson problem - Electrostatic ===
 - rho_1: 1.9e-07 [C·m^-3]
 - rho_2: -1.9e-07 [C·m^-3]
 - rho_domain: 0 [C·m^-3]

Force on sphere 1: 0.01332553458229729 N
Force on sphere 2: -0.013325606401869843 N
Precision on vertical force:  1.31453138664227e-05



=== MESH CHARACTERISTICS ===
 - R_1: 2
 - R_2: 4
 - R_Omega: 38.73684210526316
 - Distance centre-to-centre: 15.368421052631579 m
 - Mesh's minimum size: 0.001
 - Mesh's maximum size: 0.3
 - Mesh type: 2D
 - Coordinates system: cylindrical framework

=== INNER MESH GENERATION ===
OK.

=== OUTER MESH GENERATION ===
OK.

=== ELECTROSTATIC FORCE COMPUTATION ===
 - FEM complexity: 1° order
 - Solver name: ScipyDirect

Result saved.

 === Poisson problem - Electrostatic ===
 - rho_1: 1.9e-07 [C·m^-3]
slurmstepd: error: Detected 1 oom_kill event in StepId=6944.0. Some of the step tasks have been OOM Killed.
srun: error: n305: task 0: Out Of Memory

-----------------------------------------------------
Command=/scratchm/mdellava/microsim/spheres_2D/coulomb_electrostatic.sh
-----------------------------------------------------
#!/bin/bash
#SBATCH --job-name=culom_2D
#SBATCH --time=2-00:00
#SBATCH --mem=120G
#SBATCH --qos=c3_long_opa
#SBATCH --output=%j.spheres_2D_coulomb.out
#SBATCH --profile=all

echo "Starting Coulomb calculation..."
srun python /scratchm/mdellava/microsim/spheres_2D/coulomb_electrostatic.py
wait

-----------------------------------------------------
StartTime=2025-10-16T13:50:20
EndTime=2025-10-16T19:38:44
NodeList=n305
-----------------------------------------------------
Job ID: 6944
Cluster: c3
User/Group: mdellava/dphy
State: COMPLETED (exit code 0)
Cores: 1
CPU Utilized: 05:43:55
CPU Efficiency: 98.71% of 05:48:24 core-walltime
Job Wall-clock time: 05:48:24
Memory Utilized: 119.67 GB
Memory Efficiency: 99.72% of 120.00 GB
-----------------------------------------------------
